<?xml version="1.0" encoding="UTF-8"?>
<coverage generated="1772585686222" clover="3.2.0">
  <project timestamp="1772585686222" name="All files">
    <metrics statements="39" coveredstatements="30" conditionals="4" coveredconditionals="1" methods="18" coveredmethods="12" elements="61" coveredelements="43" complexity="0" loc="39" ncloc="39" packages="1" files="4" classes="4"/>
    <file name="CountTimer.js" path="/Users/venkat/Documents/coding-practice/src/components/CountTimer.js">
      <metrics statements="20" coveredstatements="14" conditionals="4" coveredconditionals="1" methods="8" coveredmethods="6"/>
      <line num="3" count="1" type="stmt"/>
      <line num="4" count="5" type="stmt"/>
      <line num="5" count="4" type="stmt"/>
      <line num="6" count="4" type="stmt"/>
      <line num="8" count="4" type="stmt"/>
      <line num="9" count="1" type="cond" truecount="1" falsecount="1"/>
      <line num="10" count="1" type="stmt"/>
      <line num="11" count="2" type="stmt"/>
      <line num="13" count="1" type="stmt"/>
      <line num="17" count="4" type="stmt"/>
      <line num="18" count="0" type="cond" truecount="0" falsecount="2"/>
      <line num="19" count="0" type="stmt"/>
      <line num="20" count="0" type="stmt"/>
      <line num="24" count="4" type="stmt"/>
      <line num="25" count="0" type="stmt"/>
      <line num="26" count="0" type="stmt"/>
      <line num="27" count="0" type="stmt"/>
      <line num="29" count="4" type="stmt"/>
      <line num="30" count="2" type="stmt"/>
      <line num="32" count="4" type="stmt"/>
    </file>
    <file name="Counter.js" path="/Users/venkat/Documents/coding-practice/src/components/Counter.js">
      <metrics statements="4" coveredstatements="4" conditionals="0" coveredconditionals="0" methods="2" coveredmethods="2"/>
      <line num="3" count="1" type="stmt"/>
      <line num="4" count="3" type="stmt"/>
      <line num="5" count="3" type="stmt"/>
      <line num="7" count="1" type="stmt"/>
    </file>
    <file name="Todo.js" path="/Users/venkat/Documents/coding-practice/src/components/Todo.js">
      <metrics statements="13" coveredstatements="10" conditionals="0" coveredconditionals="0" methods="7" coveredmethods="3"/>
      <line num="3" count="1" type="stmt"/>
      <line num="4" count="6" type="stmt"/>
      <line num="5" count="5" type="stmt"/>
      <line num="6" count="1" type="stmt"/>
      <line num="9" count="5" type="stmt"/>
      <line num="10" count="1" type="stmt"/>
      <line num="11" count="1" type="stmt"/>
      <line num="12" count="1" type="stmt"/>
      <line num="15" count="5" type="stmt"/>
      <line num="16" count="0" type="stmt"/>
      <line num="18" count="5" type="stmt"/>
      <line num="28" count="0" type="stmt"/>
      <line num="34" count="0" type="stmt"/>
    </file>
    <file name="sum.js" path="/Users/venkat/Documents/coding-practice/src/components/sum.js">
      <metrics statements="2" coveredstatements="2" conditionals="0" coveredconditionals="0" methods="1" coveredmethods="1"/>
      <line num="1" count="1" type="stmt"/>
      <line num="2" count="1" type="stmt"/>
    </file>
  </project>
</coverage>
