<?xml version="1.0" encoding="UTF-8"?>
<coverage generated="1727680403831" clover="3.2.0">
  <project timestamp="1727680403832" name="All files">
    <metrics statements="6" coveredstatements="5" conditionals="0" coveredconditionals="0" methods="3" coveredmethods="2" elements="9" coveredelements="7" complexity="0" loc="6" ncloc="6" packages="1" files="2" classes="2"/>
    <file name="Counter.js" path="/home/venkatachalam/Documents/venkat/coding-practice/src/components/Counter.js">
      <metrics statements="4" coveredstatements="3" conditionals="0" coveredconditionals="0" methods="2" coveredmethods="1"/>
      <line num="3" count="1" type="stmt"/>
      <line num="4" count="2" type="stmt"/>
      <line num="5" count="2" type="stmt"/>
      <line num="7" count="0" type="stmt"/>
    </file>
    <file name="sum.js" path="/home/venkatachalam/Documents/venkat/coding-practice/src/components/sum.js">
      <metrics statements="2" coveredstatements="2" conditionals="0" coveredconditionals="0" methods="1" coveredmethods="1"/>
      <line num="1" count="1" type="stmt"/>
      <line num="2" count="1" type="stmt"/>
    </file>
  </project>
</coverage>
