{"/home/venkatachalam/Documents/venkat/coding-practice/src/components/Counter.js": {"path":"/home/venkatachalam/Documents/venkat/coding-practice/src/components/Counter.js","statementMap":{"0":{"start":{"line":3,"column":16},"end":{"line":11,"column":1}},"1":{"start":{"line":4,"column":30},"end":{"line":4,"column":41}},"2":{"start":{"line":5,"column":4},"end":{"line":10,"column":6}},"3":{"start":{"line":7,"column":102},"end":{"line":7,"column":123}}},"fnMap":{"0":{"name":"(anonymous_0)","decl":{"start":{"line":3,"column":16},"end":{"line":3,"column":17}},"loc":{"start":{"line":3,"column":27},"end":{"line":11,"column":1}},"line":3},"1":{"name":"(anonymous_1)","decl":{"start":{"line":7,"column":96},"end":{"line":7,"column":97}},"loc":{"start":{"line":7,"column":102},"end":{"line":7,"column":123}},"line":7}},"branchMap":{},"s":{"0":1,"1":2,"2":2,"3":0},"f":{"0":2,"1":0},"b":{},"_coverageSchema":"1a1c01bbd47fc00a2c39e90264f33305004495a9","hash":"031122900d7d66c837c94d237151954b5ac919aa"}
,"/home/venkatachalam/Documents/venkat/coding-practice/src/components/sum.js": {"path":"/home/venkatachalam/Documents/venkat/coding-practice/src/components/sum.js","statementMap":{"0":{"start":{"line":1,"column":19},"end":{"line":3,"column":1}},"1":{"start":{"line":2,"column":4},"end":{"line":2,"column":17}}},"fnMap":{"0":{"name":"(anonymous_0)","decl":{"start":{"line":1,"column":19},"end":{"line":1,"column":20}},"loc":{"start":{"line":1,"column":29},"end":{"line":3,"column":1}},"line":1}},"branchMap":{},"s":{"0":1,"1":1},"f":{"0":1},"b":{},"_coverageSchema":"1a1c01bbd47fc00a2c39e90264f33305004495a9","hash":"d6cb376757a6e79deee29d0a38be170d8871432c"}
}
