{"/Users/venkat/Documents/coding-practice/src/components/CountTimer.js": {"path":"/Users/venkat/Documents/coding-practice/src/components/CountTimer.js","statementMap":{"0":{"start":{"line":3,"column":19},"end":{"line":40,"column":1}},"1":{"start":{"line":4,"column":30},"end":{"line":4,"column":41}},"2":{"start":{"line":5,"column":38},"end":{"line":5,"column":53}},"3":{"start":{"line":6,"column":24},"end":{"line":6,"column":36}},"4":{"start":{"line":8,"column":29},"end":{"line":15,"column":5}},"5":{"start":{"line":9,"column":8},"end":{"line":14,"column":9}},"6":{"start":{"line":10,"column":12},"end":{"line":12,"column":20}},"7":{"start":{"line":11,"column":16},"end":{"line":11,"column":52}},"8":{"start":{"line":11,"column":38},"end":{"line":11,"column":51}},"9":{"start":{"line":13,"column":8},"end":{"line":13,"column":27}},"10":{"start":{"line":17,"column":28},"end":{"line":22,"column":5}},"11":{"start":{"line":18,"column":8},"end":{"line":21,"column":9}},"12":{"start":{"line":19,"column":12},"end":{"line":19,"column":47}},"13":{"start":{"line":20,"column":12},"end":{"line":20,"column":32}},"14":{"start":{"line":24,"column":29},"end":{"line":28,"column":5}},"15":{"start":{"line":25,"column":8},"end":{"line":25,"column":43}},"16":{"start":{"line":26,"column":8},"end":{"line":26,"column":28}},"17":{"start":{"line":27,"column":8},"end":{"line":27,"column":20}},"18":{"start":{"line":29,"column":4},"end":{"line":31,"column":9}},"19":{"start":{"line":30,"column":8},"end":{"line":30,"column":55}},"20":{"start":{"line":30,"column":21},"end":{"line":30,"column":55}},"21":{"start":{"line":32,"column":4},"end":{"line":39,"column":6}}},"fnMap":{"0":{"name":"(anonymous_0)","decl":{"start":{"line":3,"column":19},"end":{"line":3,"column":20}},"loc":{"start":{"line":3,"column":25},"end":{"line":40,"column":1}},"line":3},"1":{"name":"(anonymous_1)","decl":{"start":{"line":8,"column":29},"end":{"line":8,"column":30}},"loc":{"start":{"line":8,"column":35},"end":{"line":15,"column":5}},"line":8},"2":{"name":"(anonymous_2)","decl":{"start":{"line":10,"column":46},"end":{"line":10,"column":47}},"loc":{"start":{"line":10,"column":52},"end":{"line":12,"column":13}},"line":10},"3":{"name":"(anonymous_3)","decl":{"start":{"line":11,"column":25},"end":{"line":11,"column":26}},"loc":{"start":{"line":11,"column":38},"end":{"line":11,"column":51}},"line":11},"4":{"name":"(anonymous_4)","decl":{"start":{"line":17,"column":28},"end":{"line":17,"column":29}},"loc":{"start":{"line":17,"column":34},"end":{"line":22,"column":5}},"line":17},"5":{"name":"(anonymous_5)","decl":{"start":{"line":24,"column":29},"end":{"line":24,"column":30}},"loc":{"start":{"line":24,"column":35},"end":{"line":28,"column":5}},"line":24},"6":{"name":"(anonymous_6)","decl":{"start":{"line":29,"column":14},"end":{"line":29,"column":15}},"loc":{"start":{"line":29,"column":20},"end":{"line":31,"column":5}},"line":29},"7":{"name":"(anonymous_7)","decl":{"start":{"line":30,"column":15},"end":{"line":30,"column":16}},"loc":{"start":{"line":30,"column":21},"end":{"line":30,"column":55}},"line":30}},"branchMap":{"0":{"loc":{"start":{"line":9,"column":8},"end":{"line":14,"column":9}},"type":"if","locations":[{"start":{"line":9,"column":8},"end":{"line":14,"column":9}},{"start":{},"end":{}}],"line":9},"1":{"loc":{"start":{"line":18,"column":8},"end":{"line":21,"column":9}},"type":"if","locations":[{"start":{"line":18,"column":8},"end":{"line":21,"column":9}},{"start":{},"end":{}}],"line":18}},"s":{"0":1,"1":5,"2":4,"3":4,"4":4,"5":1,"6":1,"7":2,"8":1,"9":1,"10":4,"11":0,"12":0,"13":0,"14":4,"15":0,"16":0,"17":0,"18":4,"19":2,"20":2,"21":4},"f":{"0":5,"1":1,"2":2,"3":1,"4":0,"5":0,"6":2,"7":2},"b":{"0":[1,0],"1":[0,0]},"_coverageSchema":"1a1c01bbd47fc00a2c39e90264f33305004495a9","hash":"67088dd8a7934d684d25fba62300541e47422f27"}
,"/Users/venkat/Documents/coding-practice/src/components/Counter.js": {"path":"/Users/venkat/Documents/coding-practice/src/components/Counter.js","statementMap":{"0":{"start":{"line":3,"column":16},"end":{"line":11,"column":1}},"1":{"start":{"line":4,"column":30},"end":{"line":4,"column":41}},"2":{"start":{"line":5,"column":4},"end":{"line":10,"column":6}},"3":{"start":{"line":7,"column":102},"end":{"line":7,"column":123}}},"fnMap":{"0":{"name":"(anonymous_0)","decl":{"start":{"line":3,"column":16},"end":{"line":3,"column":17}},"loc":{"start":{"line":3,"column":27},"end":{"line":11,"column":1}},"line":3},"1":{"name":"(anonymous_1)","decl":{"start":{"line":7,"column":96},"end":{"line":7,"column":97}},"loc":{"start":{"line":7,"column":102},"end":{"line":7,"column":123}},"line":7}},"branchMap":{},"s":{"0":1,"1":3,"2":3,"3":1},"f":{"0":3,"1":1},"b":{},"_coverageSchema":"1a1c01bbd47fc00a2c39e90264f33305004495a9","hash":"51f5a4cd3a892f891a9e50fae6282efeb968873b"}
,"/Users/venkat/Documents/coding-practice/src/components/Todo.js": {"path":"/Users/venkat/Documents/coding-practice/src/components/Todo.js","statementMap":{"0":{"start":{"line":3,"column":13},"end":{"line":42,"column":1}},"1":{"start":{"line":4,"column":26},"end":{"line":4,"column":38}},"2":{"start":{"line":5,"column":2},"end":{"line":7,"column":9}},"3":{"start":{"line":6,"column":4},"end":{"line":6,"column":15}},"4":{"start":{"line":9,"column":19},"end":{"line":13,"column":3}},"5":{"start":{"line":10,"column":17},"end":{"line":10,"column":74}},"6":{"start":{"line":11,"column":17},"end":{"line":11,"column":34}},"7":{"start":{"line":12,"column":4},"end":{"line":12,"column":18}},"8":{"start":{"line":15,"column":22},"end":{"line":17,"column":3}},"9":{"start":{"line":16,"column":4},"end":{"line":16,"column":48}},"10":{"start":{"line":16,"column":34},"end":{"line":16,"column":45}},"11":{"start":{"line":18,"column":2},"end":{"line":41,"column":4}},"12":{"start":{"line":28,"column":12},"end":{"line":36,"column":17}},"13":{"start":{"line":34,"column":40},"end":{"line":34,"column":61}}},"fnMap":{"0":{"name":"(anonymous_0)","decl":{"start":{"line":3,"column":13},"end":{"line":3,"column":14}},"loc":{"start":{"line":3,"column":19},"end":{"line":42,"column":1}},"line":3},"1":{"name":"(anonymous_1)","decl":{"start":{"line":5,"column":12},"end":{"line":5,"column":13}},"loc":{"start":{"line":5,"column":18},"end":{"line":7,"column":3}},"line":5},"2":{"name":"(anonymous_2)","decl":{"start":{"line":9,"column":19},"end":{"line":9,"column":20}},"loc":{"start":{"line":9,"column":31},"end":{"line":13,"column":3}},"line":9},"3":{"name":"(anonymous_3)","decl":{"start":{"line":15,"column":22},"end":{"line":15,"column":23}},"loc":{"start":{"line":15,"column":36},"end":{"line":17,"column":3}},"line":15},"4":{"name":"(anonymous_4)","decl":{"start":{"line":16,"column":24},"end":{"line":16,"column":25}},"loc":{"start":{"line":16,"column":34},"end":{"line":16,"column":45}},"line":16},"5":{"name":"(anonymous_5)","decl":{"start":{"line":27,"column":20},"end":{"line":27,"column":21}},"loc":{"start":{"line":28,"column":12},"end":{"line":36,"column":17}},"line":28},"6":{"name":"(anonymous_6)","decl":{"start":{"line":34,"column":33},"end":{"line":34,"column":34}},"loc":{"start":{"line":34,"column":40},"end":{"line":34,"column":61}},"line":34}},"branchMap":{},"s":{"0":1,"1":6,"2":5,"3":1,"4":5,"5":1,"6":1,"7":1,"8":5,"9":0,"10":0,"11":5,"12":0,"13":0},"f":{"0":6,"1":1,"2":1,"3":0,"4":0,"5":0,"6":0},"b":{},"_coverageSchema":"1a1c01bbd47fc00a2c39e90264f33305004495a9","hash":"090a0f2768bd0c851eacbffc1571dab209d427a5"}
,"/Users/venkat/Documents/coding-practice/src/components/sum.js": {"path":"/Users/venkat/Documents/coding-practice/src/components/sum.js","statementMap":{"0":{"start":{"line":1,"column":19},"end":{"line":3,"column":1}},"1":{"start":{"line":2,"column":4},"end":{"line":2,"column":17}}},"fnMap":{"0":{"name":"(anonymous_0)","decl":{"start":{"line":1,"column":19},"end":{"line":1,"column":20}},"loc":{"start":{"line":1,"column":29},"end":{"line":3,"column":1}},"line":1}},"branchMap":{},"s":{"0":1,"1":1},"f":{"0":1},"b":{},"_coverageSchema":"1a1c01bbd47fc00a2c39e90264f33305004495a9","hash":"87e9d7d1082c1e0cb6278606d233f7e82d7e0180"}
}
